core.mjs:30061 Angular is running in development mode.
login.component.ts:60 
        
        
       POST http://localhost:3000/api/users/auth/register 401 (Unauthorized)
scheduleTask @ zone.js:2183
scheduleTask @ zone.js:388
onScheduleTask @ core.mjs:15340
scheduleTask @ zone.js:382
onScheduleTask @ zone.js:271
scheduleTask @ zone.js:382
scheduleTask @ zone.js:205
scheduleMacroTask @ zone.js:228
scheduleMacroTaskWithCurrentZone @ zone.js:691
(anonim) @ zone.js:2222
proto.<computed> @ zone.js:1003
(anonim) @ http.mjs:2392
Observable2._trySubscribe @ Observable.js:33
(anonim) @ Observable.js:27
errorContext @ errorContext.js:23
Observable2.subscribe @ Observable.js:23
(anonim) @ switchMap.js:16
OperatorSubscriber2._this._next @ OperatorSubscriber.js:14
Subscriber2.next @ Subscriber.js:32
(anonim) @ innerFrom.js:51
Observable2._trySubscribe @ Observable.js:33
(anonim) @ Observable.js:27
errorContext @ errorContext.js:23
Observable2.subscribe @ Observable.js:23
(anonim) @ switchMap.js:12
(anonim) @ lift.js:10
(anonim) @ Observable.js:27
errorContext @ errorContext.js:23
Observable2.subscribe @ Observable.js:23
(anonim) @ finalize.js:5
(anonim) @ lift.js:10
(anonim) @ Observable.js:27
errorContext @ errorContext.js:23
Observable2.subscribe @ Observable.js:23
(anonim) @ finalize.js:5
(anonim) @ lift.js:10
(anonim) @ Observable.js:27
errorContext @ errorContext.js:23
Observable2.subscribe @ Observable.js:23
doInnerSub @ mergeInternals.js:21
outerNext @ mergeInternals.js:15
OperatorSubscriber2._this._next @ OperatorSubscriber.js:14
Subscriber2.next @ Subscriber.js:32
(anonim) @ innerFrom.js:51
Observable2._trySubscribe @ Observable.js:33
(anonim) @ Observable.js:27
errorContext @ errorContext.js:23
Observable2.subscribe @ Observable.js:23
mergeInternals @ mergeInternals.js:54
(anonim) @ mergeMap.js:20
(anonim) @ lift.js:10
(anonim) @ Observable.js:27
errorContext @ errorContext.js:23
Observable2.subscribe @ Observable.js:23
(anonim) @ filter.js:6
(anonim) @ lift.js:10
(anonim) @ Observable.js:27
errorContext @ errorContext.js:23
Observable2.subscribe @ Observable.js:23
(anonim) @ map.js:6
(anonim) @ lift.js:10
(anonim) @ Observable.js:27
errorContext @ errorContext.js:23
Observable2.subscribe @ Observable.js:23
onRegisterSubmit @ login.component.ts:60
LoginComponent_form_26_Template_form_ngSubmit_0_listener @ login.component.html:28
executeListenerWithErrorHandling @ core.mjs:25779
wrapListenerIn_markDirtyAndPreventDefault @ core.mjs:25811
ConsumerObserver2.next @ Subscriber.js:90
Subscriber2._next @ Subscriber.js:59
Subscriber2.next @ Subscriber.js:32
(anonim) @ Subject.js:41
errorContext @ errorContext.js:23
Subject2.next @ Subject.js:31
emit @ core.mjs:6876
onSubmit @ forms.mjs:5418
FormGroupDirective_submit_HostBindingHandler @ forms.mjs:5521
executeListenerWithErrorHandling @ core.mjs:25779
wrapListenerIn_markDirtyAndPreventDefault @ core.mjs:25811
(anonim) @ platform-browser.mjs:749
invokeTask @ zone.js:402
(anonim) @ core.mjs:15345
onInvokeTask @ core.mjs:15345
invokeTask @ zone.js:401
onInvokeTask @ core.mjs:15648
invokeTask @ zone.js:401
runTask @ zone.js:159
invokeTask @ zone.js:483
invokeTask @ zone.js:1138
globalCallback @ zone.js:1169
globalZoneAwareCallback @ zone.js:1202
Zone - HTMLFormElement.addEventListener:submit
onScheduleTask @ core.mjs:15339
scheduleTask @ zone.js:382
onScheduleTask @ zone.js:271
scheduleTask @ zone.js:382
scheduleTask @ zone.js:205
scheduleEventTask @ zone.js:231
(anonim) @ zone.js:1499
addEventListener @ platform-browser.mjs:850
addEventListener @ platform-browser.mjs:210
listen @ platform-browser.mjs:731
listenerInternal @ core.mjs:25741
ɵɵlistener @ core.mjs:25624
FormGroupDirective_HostBindings @ forms.mjs:5520
invokeHostBindingsInCreationMode @ core.mjs:11915
invokeDirectivesHostBindings @ core.mjs:11899
createDirectivesInstances @ core.mjs:11300
ɵɵelementStart @ core.mjs:23525
LoginComponent_form_26_Template @ login.component.html:28
executeTemplate @ core.mjs:11264
renderView @ core.mjs:12426
createAndRenderEmbeddedLView @ core.mjs:12493
createEmbeddedViewImpl @ core.mjs:13419
createEmbeddedView @ core.mjs:16880
_updateView @ common.mjs:3778
set ngIf @ common.mjs:3752
applyValueToInputField @ core.mjs:3910
writeToDirectiveInput @ core.mjs:11103
setInputsForProperty @ core.mjs:12348
elementPropertyInternal @ core.mjs:11669
ɵɵproperty @ core.mjs:21733
LoginComponent_Template @ login.component.html:28
executeTemplate @ core.mjs:11264
refreshView @ core.mjs:12817
detectChangesInView @ core.mjs:13025
detectChangesInViewIfAttached @ core.mjs:12987
detectChangesInComponent @ core.mjs:12976
detectChangesInChildComponents @ core.mjs:13037
refreshView @ core.mjs:12869
detectChangesInView @ core.mjs:13025
detectChangesInViewIfAttached @ core.mjs:12987
detectChangesInEmbeddedViews @ core.mjs:12947
refreshView @ core.mjs:12844
detectChangesInView @ core.mjs:13025
detectChangesInViewIfAttached @ core.mjs:12987
detectChangesInComponent @ core.mjs:12976
detectChangesInChildComponents @ core.mjs:13037
refreshView @ core.mjs:12869
detectChangesInView @ core.mjs:13025
detectChangesInViewWhileDirty @ core.mjs:12736
detectChangesInternal @ core.mjs:12717
detectChangesInViewIfRequired @ core.mjs:32020
detectChangesInAttachedViews @ core.mjs:31849
_tick @ core.mjs:31815
tick @ core.mjs:31804
(anonim) @ core.mjs:32200
invoke @ zone.js:369
onInvoke @ core.mjs:15659
invoke @ zone.js:368
run @ zone.js:111
run @ core.mjs:15523
next @ core.mjs:32199
ConsumerObserver2.next @ Subscriber.js:90
Subscriber2._next @ Subscriber.js:59
Subscriber2.next @ Subscriber.js:32
(anonim) @ Subject.js:41
errorContext @ errorContext.js:23
Subject2.next @ Subject.js:31
emit @ core.mjs:6876
checkStable @ core.mjs:15590
onHasTask @ core.mjs:15685
hasTask @ zone.js:422
_updateTaskCount @ zone.js:443
_updateTaskCount @ zone.js:264
runTask @ zone.js:177
drainMicroTaskQueue @ zone.js:581
Promise.then
nativeScheduleMicroTask @ zone.js:557
scheduleMicroTask @ zone.js:568
scheduleTask @ zone.js:391
scheduleTask @ zone.js:205
scheduleMicroTask @ zone.js:225
scheduleResolveOrReject @ zone.js:2528
then @ zone.js:2733
bootstrapModule @ core.mjs:32941
(anonim) @ main.ts:6
170 kare daha göster
Daha az göster
login.component.ts:66 Registration failed HttpErrorResponse {headers: _HttpHeaders, status: 401, statusText: 'Unauthorized', url: 'http://localhost:3000/api/users/auth/register', ok: false, …}error: "Unauthorized"headers: _HttpHeaderslazyInit: () => {…}lazyUpdate: nullnormalizedNames: Map(0)[[Entries]]Özellik yoksize: 0[[Prototype]]: Map[[Prototype]]: Objectmessage: "Http failure response for http://localhost:3000/api/users/auth/register: 401 Unauthorized"name: "HttpErrorResponse"ok: falsestatus: 401statusText: "Unauthorized"url: "http://localhost:3000/api/users/auth/register"[[Prototype]]: HttpResponseBase
error @ login.component.ts:66
ConsumerObserver2.error @ Subscriber.js:100
Subscriber2._error @ Subscriber.js:63
Subscriber2.error @ Subscriber.js:40
Subscriber2._error @ Subscriber.js:63
Subscriber2.error @ Subscriber.js:40
Subscriber2._error @ Subscriber.js:63
Subscriber2.error @ Subscriber.js:40
Subscriber2._error @ Subscriber.js:63
Subscriber2.error @ Subscriber.js:40
Subscriber2._error @ Subscriber.js:63
Subscriber2.error @ Subscriber.js:40
onLoad @ http.mjs:2303
invokeTask @ zone.js:402
(anonim) @ core.mjs:15345
onInvokeTask @ core.mjs:15345
invokeTask @ zone.js:401
onInvokeTask @ core.mjs:15648
invokeTask @ zone.js:401
runTask @ zone.js:159
invokeTask @ zone.js:483
invokeTask @ zone.js:1138
globalCallback @ zone.js:1181
globalZoneAwareCallback @ zone.js:1202
Zone - XMLHttpRequest.addEventListener:load
onScheduleTask @ core.mjs:15339
scheduleTask @ zone.js:382
onScheduleTask @ zone.js:271
scheduleTask @ zone.js:382
scheduleTask @ zone.js:205
scheduleEventTask @ zone.js:231
(anonim) @ zone.js:1499
(anonim) @ http.mjs:2378
Observable2._trySubscribe @ Observable.js:33
(anonim) @ Observable.js:27
errorContext @ errorContext.js:23
Observable2.subscribe @ Observable.js:23
(anonim) @ switchMap.js:16
OperatorSubscriber2._this._next @ OperatorSubscriber.js:14
Subscriber2.next @ Subscriber.js:32
(anonim) @ innerFrom.js:51
Observable2._trySubscribe @ Observable.js:33
(anonim) @ Observable.js:27
errorContext @ errorContext.js:23
Observable2.subscribe @ Observable.js:23
(anonim) @ switchMap.js:12
(anonim) @ lift.js:10
(anonim) @ Observable.js:27
errorContext @ errorContext.js:23
Observable2.subscribe @ Observable.js:23
(anonim) @ finalize.js:5
(anonim) @ lift.js:10
(anonim) @ Observable.js:27
errorContext @ errorContext.js:23
Observable2.subscribe @ Observable.js:23
(anonim) @ finalize.js:5
(anonim) @ lift.js:10
(anonim) @ Observable.js:27
errorContext @ errorContext.js:23
Observable2.subscribe @ Observable.js:23
doInnerSub @ mergeInternals.js:21
outerNext @ mergeInternals.js:15
OperatorSubscriber2._this._next @ OperatorSubscriber.js:14
Subscriber2.next @ Subscriber.js:32
(anonim) @ innerFrom.js:51
Observable2._trySubscribe @ Observable.js:33
(anonim) @ Observable.js:27
errorContext @ errorContext.js:23
Observable2.subscribe @ Observable.js:23
mergeInternals @ mergeInternals.js:54
(anonim) @ mergeMap.js:20
(anonim) @ lift.js:10
(anonim) @ Observable.js:27
errorContext @ errorContext.js:23
Observable2.subscribe @ Observable.js:23
(anonim) @ filter.js:6
(anonim) @ lift.js:10
(anonim) @ Observable.js:27
errorContext @ errorContext.js:23
Observable2.subscribe @ Observable.js:23
(anonim) @ map.js:6
(anonim) @ lift.js:10
(anonim) @ Observable.js:27
errorContext @ errorContext.js:23
Observable2.subscribe @ Observable.js:23
onRegisterSubmit @ login.component.ts:60
LoginComponent_form_26_Template_form_ngSubmit_0_listener @ login.component.html:28
executeListenerWithErrorHandling @ core.mjs:25779
wrapListenerIn_markDirtyAndPreventDefault @ core.mjs:25811
ConsumerObserver2.next @ Subscriber.js:90
Subscriber2._next @ Subscriber.js:59
Subscriber2.next @ Subscriber.js:32
(anonim) @ Subject.js:41
errorContext @ errorContext.js:23
Subject2.next @ Subject.js:31
emit @ core.mjs:6876
onSubmit @ forms.mjs:5418
FormGroupDirective_submit_HostBindingHandler @ forms.mjs:5521
executeListenerWithErrorHandling @ core.mjs:25779
wrapListenerIn_markDirtyAndPreventDefault @ core.mjs:25811
(anonim) @ platform-browser.mjs:749
invokeTask @ zone.js:402
(anonim) @ core.mjs:15345
onInvokeTask @ core.mjs:15345
invokeTask @ zone.js:401
onInvokeTask @ core.mjs:15648
invokeTask @ zone.js:401
runTask @ zone.js:159
invokeTask @ zone.js:483
invokeTask @ zone.js:1138
globalCallback @ zone.js:1169
globalZoneAwareCallback @ zone.js:1202
Zone - HTMLFormElement.addEventListener:submit
onScheduleTask @ core.mjs:15339
scheduleTask @ zone.js:382
onScheduleTask @ zone.js:271
scheduleTask @ zone.js:382
scheduleTask @ zone.js:205
scheduleEventTask @ zone.js:231
(anonim) @ zone.js:1499
addEventListener @ platform-browser.mjs:850
addEventListener @ platform-browser.mjs:210
listen @ platform-browser.mjs:731
listenerInternal @ core.mjs:25741
ɵɵlistener @ core.mjs:25624
FormGroupDirective_HostBindings @ forms.mjs:5520
invokeHostBindingsInCreationMode @ core.mjs:11915
invokeDirectivesHostBindings @ core.mjs:11899
createDirectivesInstances @ core.mjs:11300
ɵɵelementStart @ core.mjs:23525
LoginComponent_form_26_Template @ login.component.html:28
executeTemplate @ core.mjs:11264
renderView @ core.mjs:12426
createAndRenderEmbeddedLView @ core.mjs:12493
createEmbeddedViewImpl @ core.mjs:13419
createEmbeddedView @ core.mjs:16880
_updateView @ common.mjs:3778
set ngIf @ common.mjs:3752
applyValueToInputField @ core.mjs:3910
writeToDirectiveInput @ core.mjs:11103
setInputsForProperty @ core.mjs:12348
elementPropertyInternal @ core.mjs:11669
ɵɵproperty @ core.mjs:21733
LoginComponent_Template @ login.component.html:28
executeTemplate @ core.mjs:11264
refreshView @ core.mjs:12817
detectChangesInView @ core.mjs:13025
detectChangesInViewIfAttached @ core.mjs:12987
detectChangesInComponent @ core.mjs:12976
detectChangesInChildComponents @ core.mjs:13037
refreshView @ core.mjs:12869
detectChangesInView @ core.mjs:13025
detectChangesInViewIfAttached @ core.mjs:12987
detectChangesInEmbeddedViews @ core.mjs:12947
refreshView @ core.mjs:12844
detectChangesInView @ core.mjs:13025
detectChangesInViewIfAttached @ core.mjs:12987
detectChangesInComponent @ core.mjs:12976
detectChangesInChildComponents @ core.mjs:13037
refreshView @ core.mjs:12869
detectChangesInView @ core.mjs:13025
detectChangesInViewWhileDirty @ core.mjs:12736
detectChangesInternal @ core.mjs:12717
detectChangesInViewIfRequired @ core.mjs:32020
detectChangesInAttachedViews @ core.mjs:31849
_tick @ core.mjs:31815
tick @ core.mjs:31804
(anonim) @ core.mjs:32200
invoke @ zone.js:369
onInvoke @ core.mjs:15659
invoke @ zone.js:368
run @ zone.js:111
run @ core.mjs:15523
next @ core.mjs:32199
ConsumerObserver2.next @ Subscriber.js:90
Subscriber2._next @ Subscriber.js:59
Subscriber2.next @ Subscriber.js:32
(anonim) @ Subject.js:41
errorContext @ errorContext.js:23
Subject2.next @ Subject.js:31
emit @ core.mjs:6876
checkStable @ core.mjs:15590
onHasTask @ core.mjs:15685
hasTask @ zone.js:422
_updateTaskCount @ zone.js:443
_updateTaskCount @ zone.js:264
runTask @ zone.js:177
drainMicroTaskQueue @ zone.js:581
Promise.then
nativeScheduleMicroTask @ zone.js:557
scheduleMicroTask @ zone.js:568
scheduleTask @ zone.js:391
scheduleTask @ zone.js:205
scheduleMicroTask @ zone.js:225
scheduleResolveOrReject @ zone.js:2528
then @ zone.js:2733
bootstrapModule @ core.mjs:32941
(anonim) @ main.ts:6
189 kare daha göster
Daha az göster
